<?xml version="1.0" encoding="UTF-8"?>
<coverage generated="1713525562176" clover="3.2.0">
  <project timestamp="1713525562176" name="All files">
    <metrics statements="10" coveredstatements="7" conditionals="6" coveredconditionals="4" methods="2" coveredmethods="2" elements="18" coveredelements="13" complexity="0" loc="10" ncloc="10" packages="1" files="1" classes="1"/>
    <file name="index.js" path="C:\Users\aanup\OneDrive\Desktop\Learning\NodeJs\jwt-implementation\jwt-in-node\src\middleware\index.js">
      <metrics statements="10" coveredstatements="7" conditionals="6" coveredconditionals="4" methods="2" coveredmethods="2"/>
      <line num="12" count="1" type="stmt"/>
      <line num="14" count="2" type="stmt"/>
      <line num="15" count="2" type="cond" truecount="2" falsecount="0"/>
      <line num="18" count="2" type="cond" truecount="1" falsecount="1"/>
      <line num="19" count="0" type="stmt"/>
      <line num="23" count="2" type="stmt"/>
      <line num="24" count="2" type="cond" truecount="1" falsecount="1"/>
      <line num="25" count="2" type="stmt"/>
      <line num="29" count="0" type="stmt"/>
      <line num="31" count="0" type="stmt"/>
    </file>
  </project>
</coverage>
