{"C:\\Users\\aanup\\OneDrive\\Desktop\\Learning\\NodeJs\\jwt-implementation\\jwt-in-node\\src\\middleware\\index.js": {"path":"C:\\Users\\aanup\\OneDrive\\Desktop\\Learning\\NodeJs\\jwt-implementation\\jwt-in-node\\src\\middleware\\index.js","statementMap":{"0":{"start":{"line":12,"column":33},"end":{"line":33,"column":1}},"1":{"start":{"line":14,"column":23},"end":{"line":14,"column":51}},"2":{"start":{"line":15,"column":18},"end":{"line":15,"column":56}},"3":{"start":{"line":18,"column":4},"end":{"line":20,"column":5}},"4":{"start":{"line":19,"column":6},"end":{"line":19,"column":66}},"5":{"start":{"line":23,"column":4},"end":{"line":32,"column":6}},"6":{"start":{"line":24,"column":6},"end":{"line":26,"column":7}},"7":{"start":{"line":25,"column":8},"end":{"line":25,"column":64}},"8":{"start":{"line":29,"column":6},"end":{"line":29,"column":22}},"9":{"start":{"line":31,"column":6},"end":{"line":31,"column":13}}},"fnMap":{"0":{"name":"(anonymous_0)","decl":{"start":{"line":12,"column":33},"end":{"line":12,"column":34}},"loc":{"start":{"line":12,"column":53},"end":{"line":33,"column":1}},"line":12},"1":{"name":"(anonymous_1)","decl":{"start":{"line":23,"column":55},"end":{"line":23,"column":56}},"loc":{"start":{"line":23,"column":70},"end":{"line":32,"column":5}},"line":23}},"branchMap":{"0":{"loc":{"start":{"line":15,"column":18},"end":{"line":15,"column":56}},"type":"binary-expr","locations":[{"start":{"line":15,"column":18},"end":{"line":15,"column":28}},{"start":{"line":15,"column":32},"end":{"line":15,"column":56}}],"line":15},"1":{"loc":{"start":{"line":18,"column":4},"end":{"line":20,"column":5}},"type":"if","locations":[{"start":{"line":18,"column":4},"end":{"line":20,"column":5}},{"start":{},"end":{}}],"line":18},"2":{"loc":{"start":{"line":24,"column":6},"end":{"line":26,"column":7}},"type":"if","locations":[{"start":{"line":24,"column":6},"end":{"line":26,"column":7}},{"start":{},"end":{}}],"line":24}},"s":{"0":1,"1":2,"2":2,"3":2,"4":0,"5":2,"6":2,"7":2,"8":0,"9":0},"f":{"0":2,"1":2},"b":{"0":[2,2],"1":[0,2],"2":[2,0]},"_coverageSchema":"1a1c01bbd47fc00a2c39e90264f33305004495a9","hash":"c39f6fe054a73020a734212052632caedb687713"}
}
